<?xml version="1.0" encoding="UTF-8"?>
<testsuite name="compresch.huff.HuffmanNodeTest" tests="8" skipped="0" failures="0" errors="0" timestamp="2018-05-10T16:22:56" hostname="aeykysti" time="0.012">
  <properties/>
  <testcase name="compareToTest" classname="compresch.huff.HuffmanNodeTest" time="0.003"/>
  <testcase name="getFrequencyTest" classname="compresch.huff.HuffmanNodeTest" time="0.0"/>
  <testcase name="getSymbolTest" classname="compresch.huff.HuffmanNodeTest" time="0.0"/>
  <testcase name="isLeafTest" classname="compresch.huff.HuffmanNodeTest" time="0.0"/>
  <testcase name="newHuffmanNodeTest1" classname="compresch.huff.HuffmanNodeTest" time="0.0"/>
  <testcase name="newHuffmanNodeTest2" classname="compresch.huff.HuffmanNodeTest" time="0.003"/>
  <testcase name="newHuffmanNodeTest3" classname="compresch.huff.HuffmanNodeTest" time="0.0"/>
  <testcase name="getChildrenTest" classname="compresch.huff.HuffmanNodeTest" time="0.0"/>
  <system-out><![CDATA[]]></system-out>
  <system-err><![CDATA[]]></system-err>
</testsuite>
