<?xml version="1.0" encoding="UTF-8"?>
<testsuite name="compresch.huff.HuffmanTreeTest" tests="4" skipped="0" failures="0" errors="0" timestamp="2018-05-11T05:07:19" hostname="aeykysti" time="0.014">
  <properties/>
  <testcase name="buildHuffmanTreeCodeLengthsTest" classname="compresch.huff.HuffmanTreeTest" time="0.003"/>
  <testcase name="getRootNullTest" classname="compresch.huff.HuffmanTreeTest" time="0.004"/>
  <testcase name="buildHuffmanTreeFrequencyTableTest" classname="compresch.huff.HuffmanTreeTest" time="0.003"/>
  <testcase name="constructHuffmanTreeTest" classname="compresch.huff.HuffmanTreeTest" time="0.002"/>
  <system-out><![CDATA[]]></system-out>
  <system-err><![CDATA[]]></system-err>
</testsuite>
